<?xml version="1.0" encoding="UTF-8"?>
<!-- Generated by org.testng.reporters.JUnitReportReporter -->
<testsuite hostname="LAPTOP-7OLPSVN6" failures="0" tests="2" name="testCases.TC002_LoginTest" time="3.670" errors="0" timestamp="2024-08-04T08:02:27 IST" skipped="0">
  <testcase classname="testCases.TC002_LoginTest" name="verify_Login" time="1.925"/>
  <testcase classname="testCases.TC002_LoginTest" name="verify_Login" time="1.745"/>
</testsuite> <!-- testCases.TC002_LoginTest -->
