<?xml version="1.0" encoding="UTF-8"?>
<!-- Generated by org.testng.reporters.JUnitReportReporter -->
<testsuite hostname="LAPTOP-7OLPSVN6" failures="0" tests="2" name="testCases.TC001_AccountRegistrationTest" time="6.041" errors="0" timestamp="2024-08-04T08:02:27 IST" skipped="0">
  <testcase classname="testCases.TC001_AccountRegistrationTest" name="varify_account_registration" time="3.262"/>
  <testcase classname="testCases.TC001_AccountRegistrationTest" name="varify_account_registration" time="2.779"/>
</testsuite> <!-- testCases.TC001_AccountRegistrationTest -->
