<?xml version="1.0" encoding="UTF-8"?>
<!-- Generated by org.testng.reporters.JUnitReportReporter -->
<testsuite hostname="LAPTOP-7OLPSVN6" failures="0" tests="1" name="testCases.TC002_LoginTest" time="1.394" errors="0" timestamp="2024-08-04T12:19:23 IST" skipped="0">
  <testcase classname="testCases.TC002_LoginTest" name="verify_Login" time="1.394"/>
</testsuite> <!-- testCases.TC002_LoginTest -->
